# JRE version: Java(TM) SE Runtime Environment (9.0+11) (build 9.0.4+11)
# Java VM: Java HotSpot(TM) 64-Bit Server VM (9.0.4+11, mixed mode, tiered, compressed oops, g1 gc, bsd-amd64)
Heap:
 garbage-first heap   total 324608K, used 119172K [0x00000006c0000000, 0x00000006c01009e8, 0x00000007c0000000)
  region size 1024K, 39 young (39936K), 8 survivors (8192K)
 Metaspace       used 10228K, capacity 10616K, committed 10880K, reserved 1058816K
  class space    used 966K, capacity 1050K, committed 1152K, reserved 1048576K
GC Heap History (10 events):
Event: 1.298 GC heap before
{Heap before GC invocations=2 (full 0):
 garbage-first heap   total 262144K, used 28672K [0x00000006c0000000, 0x00000006c0100800, 0x00000007c0000000)
  region size 1024K, 13 young (13312K), 3 survivors (3072K)
 Metaspace       used 7905K, capacity 8146K, committed 8192K, reserved 1056768K
  class space    used 714K, capacity 765K, committed 768K, reserved 1048576K
}
Event: 1.307 GC heap after
{Heap after GC invocations=3 (full 0):
 garbage-first heap   total 262144K, used 22528K [0x00000006c0000000, 0x00000006c0100800, 0x00000007c0000000)
  region size 1024K, 2 young (2048K), 2 survivors (2048K)
 Metaspace       used 7905K, capacity 8146K, committed 8192K, reserved 1056768K
  class space    used 714K, capacity 765K, committed 768K, reserved 1048576K
}
Event: 1.438 GC heap before
{Heap before GC invocations=3 (full 0):
 garbage-first heap   total 262144K, used 57344K [0x00000006c0000000, 0x00000006c0100800, 0x00000007c0000000)
  region size 1024K, 36 young (36864K), 2 survivors (2048K)
 Metaspace       used 7905K, capacity 8146K, committed 8192K, reserved 1056768K
  class space    used 714K, capacity 765K, committed 768K, reserved 1048576K
}
Event: 1.452 GC heap after
{Heap after GC invocations=4 (full 0):
 garbage-first heap   total 262144K, used 34939K [0x00000006c0000000, 0x00000006c0100800, 0x00000007c0000000)
  region size 1024K, 5 young (5120K), 5 survivors (5120K)
 Metaspace       used 7905K, capacity 8146K, committed 8192K, reserved 1056768K
  class space    used 714K, capacity 765K, committed 768K, reserved 1048576K
}
Event: 1.600 GC heap before
{Heap before GC invocations=4 (full 0):
 garbage-first heap   total 262144K, used 76923K [0x00000006c0000000, 0x00000006c0100800, 0x00000007c0000000)
  region size 1024K, 43 young (44032K), 5 survivors (5120K)
 Metaspace       used 7905K, capacity 8146K, committed 8192K, reserved 1056768K
  class space    used 714K, capacity 765K, committed 768K, reserved 1048576K
}
Event: 1.634 GC heap after
{Heap after GC invocations=5 (full 0):
 garbage-first heap   total 324608K, used 52195K [0x00000006c0000000, 0x00000006c01009e8, 0x00000007c0000000)
  region size 1024K, 6 young (6144K), 6 survivors (6144K)
 Metaspace       used 7905K, capacity 8146K, committed 8192K, reserved 1056768K
  class space    used 714K, capacity 765K, committed 768K, reserved 1048576K
}
Event: 1.922 GC heap before
{Heap before GC invocations=5 (full 0):
 garbage-first heap   total 324608K, used 103395K [0x00000006c0000000, 0x00000006c01009e8, 0x00000007c0000000)
  region size 1024K, 56 young (57344K), 6 survivors (6144K)
 Metaspace       used 7905K, capacity 8146K, committed 8192K, reserved 1056768K
  class space    used 714K, capacity 765K, committed 768K, reserved 1048576K
}
Event: 1.950 GC heap after
{Heap after GC invocations=6 (full 0):
 garbage-first heap   total 324608K, used 71227K [0x00000006c0000000, 0x00000006c01009e8, 0x00000007c0000000)
  region size 1024K, 7 young (7168K), 7 survivors (7168K)
 Metaspace       used 7905K, capacity 8146K, committed 8192K, reserved 1056768K
  class space    used 714K, capacity 765K, committed 768K, reserved 1048576K
}
Event: 2.256 GC heap before
{Heap before GC invocations=6 (full 0):
 garbage-first heap   total 324608K, used 129595K [0x00000006c0000000, 0x00000006c01009e8, 0x00000007c0000000)
  region size 1024K, 59 young (60416K), 7 survivors (7168K)
 Metaspace       used 7909K, capacity 8146K, committed 8192K, reserved 1056768K
  class space    used 715K, capacity 765K, committed 768K, reserved 1048576K
}
Event: 2.274 GC heap after
{Heap after GC invocations=7 (full 0):
 garbage-first heap   total 324608K, used 88452K [0x00000006c0000000, 0x00000006c01009e8, 0x00000007c0000000)
  region size 1024K, 8 young (8192K), 8 survivors (8192K)
 Metaspace       used 7909K, capacity 8146K, committed 8192K, reserved 1056768K
  class space    used 715K, capacity 765K, committed 768K, reserved 1048576K
}

